<?xml version="1.0" encoding="UTF-8"?>
<testng-results skipped="0" failed="0" ignored="0" total="1" passed="1">
  <reporter-output>
    <line>
      <![CDATA[Test start Running customerRegistration]]>
    </line>
    <line>
      <![CDATA[Test is Success customerRegistration]]>
    </line>
    <line>
      <![CDATA[<a href='D:\Selenium\Selenium_WD\ecommerce\src\main\java\com\durgasoft\ecommerce\passedscreen\customerRegistration21_09_2019_11_14_41.png'><img src='D:\Selenium\Selenium_WD\ecommerce\src\main\java\com\durgasoft\ecommerce\passedscreen\customerRegistration21_09_2019_11_14_41.png' height='100' width='100'/></>]]>
    </line>
  </reporter-output>
  <suite name="Suite" duration-ms="49243" started-at="2019-09-21T05:43:54Z" finished-at="2019-09-21T05:44:43Z">
    <groups>
    </groups>
    <test name="Test" duration-ms="49243" started-at="2019-09-21T05:43:54Z" finished-at="2019-09-21T05:44:43Z">
      <class name="com.durgasoft.ecommerce.homepage.TC001_CustomerRegistration">
        <test-method status="PASS" signature="beforeTest()[pri:0, instance:com.durgasoft.ecommerce.homepage.TC001_CustomerRegistration@1921e20]" name="beforeTest" is-config="true" duration-ms="28795" started-at="2019-09-21T05:43:54Z" finished-at="2019-09-21T05:44:23Z">
          <reporter-output>
          </reporter-output>
        </test-method> <!-- beforeTest -->
        <test-method status="PASS" signature="startReport(org.testng.ITestResult)[pri:0, instance:com.durgasoft.ecommerce.homepage.TC001_CustomerRegistration@1921e20]" name="startReport" is-config="true" duration-ms="32" started-at="2019-09-21T05:44:23Z" finished-at="2019-09-21T05:44:23Z">
          <params>
            <param index="0">
              <value>
                <![CDATA[[TestResult name=customerRegistration status=SUCCESS method=TC001_CustomerRegistration.customerRegistration()[pri:0, instance:com.durgasoft.ecommerce.homepage.TC001_CustomerRegistration@1921e20] output=Test start Running customerRegistration]]]>
              </value>
            </param>
          </params>
          <reporter-output>
          </reporter-output>
        </test-method> <!-- startReport -->
        <test-method status="PASS" signature="customerRegistration()[pri:0, instance:com.durgasoft.ecommerce.homepage.TC001_CustomerRegistration@1921e20]" name="customerRegistration" duration-ms="18108" started-at="2019-09-21T05:44:23Z" finished-at="2019-09-21T05:44:41Z">
          <reporter-output>
            <line>
              <![CDATA[Test start Running customerRegistration]]>
            </line>
            <line>
              <![CDATA[Test is Success customerRegistration]]>
            </line>
            <line>
              <![CDATA[<a href='D:\Selenium\Selenium_WD\ecommerce\src\main\java\com\durgasoft\ecommerce\passedscreen\customerRegistration21_09_2019_11_14_41.png'><img src='D:\Selenium\Selenium_WD\ecommerce\src\main\java\com\durgasoft\ecommerce\passedscreen\customerRegistration21_09_2019_11_14_41.png' height='100' width='100'/></>]]>
            </line>
          </reporter-output>
        </test-method> <!-- customerRegistration -->
        <test-method status="PASS" signature="endTest()[pri:0, instance:com.durgasoft.ecommerce.homepage.TC001_CustomerRegistration@1921e20]" name="endTest" is-config="true" duration-ms="1684" started-at="2019-09-21T05:44:41Z" finished-at="2019-09-21T05:44:43Z">
          <reporter-output>
          </reporter-output>
        </test-method> <!-- endTest -->
        <test-method status="PASS" signature="endreport(org.testng.ITestResult)[pri:0, instance:com.durgasoft.ecommerce.homepage.TC001_CustomerRegistration@1921e20]" name="endreport" is-config="true" duration-ms="0" started-at="2019-09-21T05:44:41Z" finished-at="2019-09-21T05:44:41Z">
          <params>
            <param index="0">
              <value>
                <![CDATA[[TestResult name=customerRegistration status=SUCCESS method=TC001_CustomerRegistration.customerRegistration()[pri:0, instance:com.durgasoft.ecommerce.homepage.TC001_CustomerRegistration@1921e20] output=Test start Running customerRegistration]]]>
              </value>
            </param>
          </params>
          <reporter-output>
          </reporter-output>
        </test-method> <!-- endreport -->
      </class> <!-- com.durgasoft.ecommerce.homepage.TC001_CustomerRegistration -->
    </test> <!-- Test -->
  </suite> <!-- Suite -->
</testng-results>
