<?xml version="1.0" encoding="UTF-8"?>
<testng-results skipped="0" failed="0" ignored="0" total="1" passed="1">
  <reporter-output>
  </reporter-output>
  <suite name="Default suite" duration-ms="33544" started-at="2019-11-09T03:22:19Z" finished-at="2019-11-09T03:22:52Z">
    <groups>
    </groups>
    <test name="Default test" duration-ms="33544" started-at="2019-11-09T03:22:19Z" finished-at="2019-11-09T03:22:52Z">
      <class name="com.rex.U.U8">
        <test-method status="PASS" signature="beforeTest()[pri:0, instance:com.rex.U.U8@1275dab]" name="beforeTest" is-config="true" duration-ms="19589" started-at="2019-11-09T03:22:19Z" finished-at="2019-11-09T03:22:38Z">
          <reporter-output>
          </reporter-output>
        </test-method> <!-- beforeTest -->
        <test-method status="PASS" signature="VerifyLogin()[pri:0, instance:com.rex.U.U8@1275dab]" name="VerifyLogin" duration-ms="13903" started-at="2019-11-09T03:22:39Z" finished-at="2019-11-09T03:22:52Z">
          <reporter-output>
          </reporter-output>
        </test-method> <!-- VerifyLogin -->
      </class> <!-- com.rex.U.U8 -->
    </test> <!-- Default test -->
  </suite> <!-- Default suite -->
</testng-results>
