<?xml version="1.0" encoding="UTF-8"?>
<testng-results skipped="0" failed="0" ignored="0" total="1" passed="1">
  <reporter-output>
  </reporter-output>
  <suite name="Default suite" duration-ms="3534" started-at="2019-12-11T04:22:58Z" finished-at="2019-12-11T04:23:01Z">
    <groups>
    </groups>
    <test name="Default test" duration-ms="3534" started-at="2019-12-11T04:22:58Z" finished-at="2019-12-11T04:23:01Z">
      <class name="apiTestDemo.test1">
        <test-method status="PASS" signature="getApiResponse()[pri:0, instance:apiTestDemo.test1@bd1b6a]" name="getApiResponse" duration-ms="3464" started-at="2019-12-11T04:22:58Z" finished-at="2019-12-11T04:23:01Z">
          <reporter-output>
          </reporter-output>
        </test-method> <!-- getApiResponse -->
      </class> <!-- apiTestDemo.test1 -->
    </test> <!-- Default test -->
  </suite> <!-- Default suite -->
</testng-results>
