<?xml version="1.0" encoding="UTF-8"?>
<!-- Generated by org.testng.reporters.JUnitXMLReporter -->
<testsuite hostname="happy-PC" ignored="0" name="Test1" tests="11" failures="0" timestamp="22 Oct 2019 03:23:58 GMT" time="0.125" errors="0">
  <testcase name="test1" time="0.0" classname="testNG.T6"/>
  <testcase name="test1" time="0.015" classname="testNG.T7"/>
  <testcase name="test2" time="0.016" classname="testNG.T7"/>
  <testcase name="test3" time="0.0" classname="testNG.T7"/>
  <testcase name="test2" time="0.0" classname="testNG.T6"/>
  <testcase name="test3" time="0.0" classname="testNG.T6"/>
  <testcase name="test4" time="0.0" classname="testNG.T6"/>
  <testcase name="test5" time="0.0" classname="testNG.T6"/>
  <testcase name="test4" time="0.031" classname="testNG.T7"/>
  <testcase name="test5" time="0.0" classname="testNG.T7"/>
  <testcase name="test6" time="0.0" classname="testNG.T7"/>
</testsuite> <!-- Test1 -->
