<?xml version="1.0" encoding="UTF-8"?>
<!-- Generated by org.testng.reporters.JUnitXMLReporter -->
<testsuite hostname="happy-PC" ignored="0" name="parameter_passing By method" tests="2" failures="0" timestamp="03 Sep 2019 14:45:23 GMT" time="33.913" errors="0">
  <testcase name="parameterPassingByMethod" time="21.267" classname="com.rashmi.practice.ParameterPassingMech"/>
  <testcase name="parameterPassingUsingXML" time="2.775" classname="com.rashmi.practice.ParameterPassingMech"/>
</testsuite> <!-- parameter_passing By method -->
