<?xml version="1.0" encoding="UTF-8"?>
<testng-results skipped="0" failed="0" ignored="0" total="1" passed="1">
  <reporter-output>
    <line>
      <![CDATA[VerifyLoginTest Started successfully]]>
    </line>
    <line>
      <![CDATA[<img src='D:\Selenium\Selenium_WD\T17\Screenshots\VerifyLoginTeststarted26_10_19_04_04_57.png' height='100' width='100'>]]>
    </line>
    <line>
      <![CDATA[<a href='D:\Selenium\Selenium_WD\T17\Screenshots\VerifyLoginTeststarted26_10_19_04_04_57.png'><img src='D:\Selenium\Selenium_WD\T17\Screenshots\VerifyLoginTeststarted26_10_19_04_04_57.png' height='100' width='100'></a>]]>
    </line>
  </reporter-output>
  <suite name="HMS" duration-ms="22596" started-at="2019-10-26T10:34:46Z" finished-at="2019-10-26T10:35:09Z">
    <groups>
    </groups>
    <test name="HMS_Login" duration-ms="22596" started-at="2019-10-26T10:34:46Z" finished-at="2019-10-26T10:35:09Z">
      <class name="testCase.Tc001">
        <test-method status="PASS" signature="beforeTest()[pri:0, instance:testCase.Tc001@1caeb3e]" name="beforeTest" is-config="true" duration-ms="10738" started-at="2019-10-26T10:34:46Z" finished-at="2019-10-26T10:34:57Z">
          <reporter-output>
          </reporter-output>
        </test-method> <!-- beforeTest -->
        <test-method status="PASS" signature="VerifyLogin()[pri:0, instance:testCase.Tc001@1caeb3e]" name="VerifyLogin" duration-ms="11779" started-at="2019-10-26T10:34:57Z" finished-at="2019-10-26T10:35:09Z">
          <reporter-output>
            <line>
              <![CDATA[VerifyLoginTest Started successfully]]>
            </line>
            <line>
              <![CDATA[<img src='D:\Selenium\Selenium_WD\T17\Screenshots\VerifyLoginTeststarted26_10_19_04_04_57.png' height='100' width='100'>]]>
            </line>
            <line>
              <![CDATA[<a href='D:\Selenium\Selenium_WD\T17\Screenshots\VerifyLoginTeststarted26_10_19_04_04_57.png'><img src='D:\Selenium\Selenium_WD\T17\Screenshots\VerifyLoginTeststarted26_10_19_04_04_57.png' height='100' width='100'></a>]]>
            </line>
          </reporter-output>
        </test-method> <!-- VerifyLogin -->
      </class> <!-- testCase.Tc001 -->
    </test> <!-- HMS_Login -->
  </suite> <!-- HMS -->
</testng-results>
