<?xml version="1.0" encoding="UTF-8"?>
<!-- Generated by org.testng.reporters.JUnitXMLReporter -->
<testsuite hostname="happy-PC" ignored="0" name="HMS Login TEST" tests="3" failures="0" timestamp="03 Aug 2019 06:33:55 GMT" time="51.873" errors="0">
  <testcase name="verify_login" time="10.645" classname="com.rashmi.TestNG.HMS_Login_Using_XML"/>
  <testcase name="fill_RegdForm" time="1.665" classname="com.rashmi.TestNG.HMS_Login_Using_XML"/>
  <testcase name="verify_logout" time="1.788" classname="com.rashmi.TestNG.HMS_Login_Using_XML"/>
</testsuite> <!-- HMS Login TEST -->
