<?xml version="1.0" encoding="UTF-8"?>
<!-- Generated by org.testng.reporters.JUnitXMLReporter -->
<testsuite hostname="happy-PC" ignored="0" name="test_name" tests="8" failures="0" timestamp="08 Nov 2019 02:34:00 GMT" time="0.126" errors="0">
  <testcase name="test1" time="0.016" classname="com.rex.E.E2"/>
  <testcase name="test1" time="0.031" classname="com.rex.E.E3"/>
  <testcase name="test2" time="0.0" classname="com.rex.E.E2"/>
  <testcase name="test3" time="0.016" classname="com.rex.E.E2"/>
  <testcase name="test4" time="0.0" classname="com.rex.E.E2"/>
  <testcase name="test2" time="0.016" classname="com.rex.E.E3"/>
  <testcase name="test3" time="0.0" classname="com.rex.E.E3"/>
  <testcase name="test4" time="0.0" classname="com.rex.E.E3"/>
</testsuite> <!-- test_name -->
