<?xml version="1.0" encoding="UTF-8"?>
<testng-results skipped="0" failed="0" ignored="0" total="2" passed="2">
  <reporter-output>
  </reporter-output>
  <suite name="suite" duration-ms="69951" started-at="2019-10-23T12:37:31Z" finished-at="2019-10-23T12:38:41Z">
    <groups>
    </groups>
    <test name="chrome_test" duration-ms="11769" started-at="2019-10-23T12:37:31Z" finished-at="2019-10-23T12:37:43Z">
      <class name="data.D6">
        <test-method status="PASS" signature="beforeTest(java.lang.String)[pri:0, instance:data.D6@2d45ba]" name="beforeTest" is-config="true" duration-ms="8068" started-at="2019-10-23T12:37:31Z" finished-at="2019-10-23T12:37:39Z">
          <params>
            <param index="0">
              <value>
                <![CDATA[chrome]]>
              </value>
            </param>
          </params>
          <reporter-output>
          </reporter-output>
        </test-method> <!-- beforeTest -->
        <test-method status="PASS" signature="login()[pri:0, instance:data.D6@2d45ba]" name="login" duration-ms="3664" started-at="2019-10-23T12:37:39Z" finished-at="2019-10-23T12:37:43Z">
          <reporter-output>
          </reporter-output>
        </test-method> <!-- login -->
      </class> <!-- data.D6 -->
    </test> <!-- chrome_test -->
    <test name="firefox_test" duration-ms="58051" started-at="2019-10-23T12:37:43Z" finished-at="2019-10-23T12:38:41Z">
      <class name="data.D6">
        <test-method status="PASS" signature="beforeTest(java.lang.String)[pri:0, instance:data.D6@1fc5af1]" name="beforeTest" is-config="true" duration-ms="53449" started-at="2019-10-23T12:37:43Z" finished-at="2019-10-23T12:38:36Z">
          <params>
            <param index="0">
              <value>
                <![CDATA[firefox]]>
              </value>
            </param>
          </params>
          <reporter-output>
          </reporter-output>
        </test-method> <!-- beforeTest -->
        <test-method status="PASS" signature="login()[pri:0, instance:data.D6@1fc5af1]" name="login" duration-ms="4587" started-at="2019-10-23T12:38:36Z" finished-at="2019-10-23T12:38:41Z">
          <reporter-output>
          </reporter-output>
        </test-method> <!-- login -->
      </class> <!-- data.D6 -->
    </test> <!-- firefox_test -->
  </suite> <!-- suite -->
</testng-results>
